{"G:\\Mr.R\\Work\\Software\\maktab-al-kalam\\components\\Button.tsx": {"path":"G:\\Mr.R\\Work\\Software\\maktab-al-kalam\\components\\Button.tsx","statementMap":{"0":{"start":{"line":9,"column":45},"end":{"line":52,"column":null}},"1":{"start":{"line":18,"column":21},"end":{"line":18,"column":null}},"2":{"start":{"line":20,"column":19},"end":{"line":34,"column":null}},"3":{"start":{"line":36,"column":2},"end":{"line":50,"column":null}}},"fnMap":{"0":{"name":"(anonymous_0)","decl":{"start":{"line":9,"column":45},"end":{"line":9,"column":46}},"loc":{"start":{"line":17,"column":6},"end":{"line":52,"column":null}},"line":17}},"branchMap":{"0":{"loc":{"start":{"line":11,"column":2},"end":{"line":11,"column":null}},"type":"default-arg","locations":[{"start":{"line":11,"column":12},"end":{"line":11,"column":null}}],"line":11},"1":{"loc":{"start":{"line":14,"column":2},"end":{"line":14,"column":null}},"type":"default-arg","locations":[{"start":{"line":14,"column":14},"end":{"line":14,"column":null}}],"line":14},"2":{"loc":{"start":{"line":39,"column":16},"end":{"line":39,"column":null}},"type":"binary-expr","locations":[{"start":{"line":39,"column":16},"end":{"line":39,"column":28}},{"start":{"line":39,"column":28},"end":{"line":39,"column":null}}],"line":39},"3":{"loc":{"start":{"line":42,"column":7},"end":{"line":46,"column":null}},"type":"binary-expr","locations":[{"start":{"line":42,"column":7},"end":{"line":42,"column":null}},{"start":{"line":43,"column":8},"end":{"line":46,"column":null}}],"line":42},"4":{"loc":{"start":{"line":48,"column":7},"end":{"line":48,"column":null}},"type":"binary-expr","locations":[{"start":{"line":48,"column":7},"end":{"line":48,"column":21}},{"start":{"line":48,"column":21},"end":{"line":48,"column":29}},{"start":{"line":48,"column":29},"end":{"line":48,"column":null}}],"line":48}},"s":{"0":1,"1":13,"2":13,"3":13},"f":{"0":13},"b":{"0":[13],"1":[13],"2":[13,11],"3":[13,3],"4":[13,10,1]},"meta":{"lastBranch":5,"lastFunction":1,"lastStatement":4,"seen":{"s:9:45:52:Infinity":0,"f:9:45:9:46":0,"b:11:12:11:Infinity":0,"b:14:14:14:Infinity":1,"s:18:21:18:Infinity":1,"s:20:19:34:Infinity":2,"s:36:2:50:Infinity":3,"b:39:16:39:28:39:28:39:Infinity":2,"b:42:7:42:Infinity:43:8:46:Infinity":3,"b:48:7:48:21:48:21:48:29:48:29:48:Infinity":4}}}
,"G:\\Mr.R\\Work\\Software\\maktab-al-kalam\\components\\Login.tsx": {"path":"G:\\Mr.R\\Work\\Software\\maktab-al-kalam\\components\\Login.tsx","statementMap":{"0":{"start":{"line":9,"column":43},"end":{"line":92,"column":null}},"1":{"start":{"line":10,"column":42},"end":{"line":10,"column":null}},"2":{"start":{"line":11,"column":26},"end":{"line":11,"column":null}},"3":{"start":{"line":13,"column":25},"end":{"line":28,"column":null}},"4":{"start":{"line":14,"column":8},"end":{"line":14,"column":null}},"5":{"start":{"line":15,"column":32},"end":{"line":15,"column":null}},"6":{"start":{"line":17,"column":8},"end":{"line":20,"column":null}},"7":{"start":{"line":18,"column":12},"end":{"line":18,"column":null}},"8":{"start":{"line":19,"column":12},"end":{"line":19,"column":null}},"9":{"start":{"line":22,"column":8},"end":{"line":25,"column":null}},"10":{"start":{"line":23,"column":12},"end":{"line":23,"column":null}},"11":{"start":{"line":24,"column":12},"end":{"line":24,"column":null}},"12":{"start":{"line":27,"column":8},"end":{"line":27,"column":null}},"13":{"start":{"line":30,"column":4},"end":{"line":90,"column":null}},"14":{"start":{"line":65,"column":40},"end":{"line":65,"column":null}},"15":{"start":{"line":66,"column":40},"end":{"line":66,"column":null}}},"fnMap":{"0":{"name":"(anonymous_0)","decl":{"start":{"line":9,"column":43},"end":{"line":9,"column":44}},"loc":{"start":{"line":9,"column":60},"end":{"line":92,"column":null}},"line":9},"1":{"name":"(anonymous_1)","decl":{"start":{"line":13,"column":25},"end":{"line":13,"column":26}},"loc":{"start":{"line":13,"column":49},"end":{"line":28,"column":null}},"line":13},"2":{"name":"(anonymous_2)","decl":{"start":{"line":64,"column":46},"end":{"line":64,"column":47}},"loc":{"start":{"line":64,"column":53},"end":{"line":67,"column":null}},"line":64}},"branchMap":{"0":{"loc":{"start":{"line":17,"column":8},"end":{"line":20,"column":null}},"type":"if","locations":[{"start":{"line":17,"column":8},"end":{"line":20,"column":null}},{"start":{},"end":{}}],"line":17},"1":{"loc":{"start":{"line":22,"column":8},"end":{"line":25,"column":null}},"type":"if","locations":[{"start":{"line":22,"column":8},"end":{"line":25,"column":null}},{"start":{},"end":{}}],"line":22},"2":{"loc":{"start":{"line":70,"column":29},"end":{"line":73,"column":null}},"type":"binary-expr","locations":[{"start":{"line":70,"column":29},"end":{"line":70,"column":null}},{"start":{"line":71,"column":32},"end":{"line":73,"column":null}}],"line":70}},"s":{"0":1,"1":28,"2":28,"3":28,"4":11,"5":11,"6":11,"7":3,"8":3,"9":8,"10":1,"11":1,"12":7,"13":28,"14":10,"15":10},"f":{"0":28,"1":11,"2":10},"b":{"0":[3,8],"1":[1,7],"2":[28,4]},"meta":{"lastBranch":3,"lastFunction":3,"lastStatement":16,"seen":{"s:9:43:92:Infinity":0,"f:9:43:9:44":0,"s:10:42:10:Infinity":1,"s:11:26:11:Infinity":2,"s:13:25:28:Infinity":3,"f:13:25:13:26":1,"s:14:8:14:Infinity":4,"s:15:32:15:Infinity":5,"b:17:8:20:Infinity:undefined:undefined:undefined:undefined":0,"s:17:8:20:Infinity":6,"s:18:12:18:Infinity":7,"s:19:12:19:Infinity":8,"b:22:8:25:Infinity:undefined:undefined:undefined:undefined":1,"s:22:8:25:Infinity":9,"s:23:12:23:Infinity":10,"s:24:12:24:Infinity":11,"s:27:8:27:Infinity":12,"s:30:4:90:Infinity":13,"f:64:46:64:47":2,"s:65:40:65:Infinity":14,"s:66:40:66:Infinity":15,"b:70:29:70:Infinity:71:32:73:Infinity":2}}}
,"G:\\Mr.R\\Work\\Software\\maktab-al-kalam\\components\\LogoutButton.tsx": {"path":"G:\\Mr.R\\Work\\Software\\maktab-al-kalam\\components\\LogoutButton.tsx","statementMap":{"0":{"start":{"line":8,"column":57},"end":{"line":27,"column":null}},"1":{"start":{"line":9,"column":4},"end":{"line":25,"column":null}}},"fnMap":{"0":{"name":"(anonymous_0)","decl":{"start":{"line":8,"column":57},"end":{"line":8,"column":58}},"loc":{"start":{"line":8,"column":75},"end":{"line":27,"column":null}},"line":8}},"branchMap":{},"s":{"0":1,"1":5},"f":{"0":5},"b":{},"meta":{"lastBranch":0,"lastFunction":1,"lastStatement":2,"seen":{"s:8:57:27:Infinity":0,"f:8:57:8:58":0,"s:9:4:25:Infinity":1}}}
,"G:\\Mr.R\\Work\\Software\\maktab-al-kalam\\components\\QuestionCard.tsx": {"path":"G:\\Mr.R\\Work\\Software\\maktab-al-kalam\\components\\QuestionCard.tsx","statementMap":{"0":{"start":{"line":11,"column":57},"end":{"line":188,"column":null}},"1":{"start":{"line":16,"column":32},"end":{"line":16,"column":null}},"2":{"start":{"line":17,"column":44},"end":{"line":17,"column":null}},"3":{"start":{"line":19,"column":21},"end":{"line":19,"column":null}},"4":{"start":{"line":21,"column":28},"end":{"line":25,"column":null}},"5":{"start":{"line":22,"column":4},"end":{"line":22,"column":null}},"6":{"start":{"line":22,"column":20},"end":{"line":22,"column":null}},"7":{"start":{"line":23,"column":22},"end":{"line":23,"column":null}},"8":{"start":{"line":24,"column":4},"end":{"line":24,"column":null}},"9":{"start":{"line":27,"column":27},"end":{"line":33,"column":null}},"10":{"start":{"line":28,"column":4},"end":{"line":28,"column":null}},"11":{"start":{"line":29,"column":4},"end":{"line":29,"column":null}},"12":{"start":{"line":29,"column":41},"end":{"line":29,"column":null}},"13":{"start":{"line":31,"column":22},"end":{"line":31,"column":null}},"14":{"start":{"line":32,"column":4},"end":{"line":32,"column":null}},"15":{"start":{"line":35,"column":2},"end":{"line":186,"column":null}},"16":{"start":{"line":94,"column":29},"end":{"line":94,"column":null}},"17":{"start":{"line":96,"column":14},"end":{"line":107,"column":null}},"18":{"start":{"line":97,"column":16},"end":{"line":103,"column":null}},"19":{"start":{"line":98,"column":18},"end":{"line":98,"column":null}},"20":{"start":{"line":99,"column":16},"end":{"line":103,"column":null}},"21":{"start":{"line":100,"column":18},"end":{"line":100,"column":null}},"22":{"start":{"line":102,"column":18},"end":{"line":102,"column":null}},"23":{"start":{"line":106,"column":16},"end":{"line":106,"column":null}},"24":{"start":{"line":109,"column":14},"end":{"line":120,"column":null}},"25":{"start":{"line":112,"column":33},"end":{"line":112,"column":null}},"26":{"start":{"line":132,"column":35},"end":{"line":132,"column":null}},"27":{"start":{"line":167,"column":29},"end":{"line":167,"column":null}}},"fnMap":{"0":{"name":"(anonymous_0)","decl":{"start":{"line":11,"column":57},"end":{"line":11,"column":58}},"loc":{"start":{"line":15,"column":6},"end":{"line":188,"column":null}},"line":15},"1":{"name":"(anonymous_1)","decl":{"start":{"line":21,"column":28},"end":{"line":21,"column":29}},"loc":{"start":{"line":21,"column":48},"end":{"line":25,"column":null}},"line":21},"2":{"name":"(anonymous_2)","decl":{"start":{"line":27,"column":27},"end":{"line":27,"column":28}},"loc":{"start":{"line":27,"column":51},"end":{"line":33,"column":null}},"line":27},"3":{"name":"(anonymous_3)","decl":{"start":{"line":93,"column":35},"end":{"line":93,"column":36}},"loc":{"start":{"line":93,"column":52},"end":{"line":122,"column":13}},"line":93},"4":{"name":"(anonymous_4)","decl":{"start":{"line":112,"column":27},"end":{"line":112,"column":33}},"loc":{"start":{"line":112,"column":33},"end":{"line":112,"column":null}},"line":112},"5":{"name":"(anonymous_5)","decl":{"start":{"line":132,"column":28},"end":{"line":132,"column":29}},"loc":{"start":{"line":132,"column":35},"end":{"line":132,"column":null}},"line":132},"6":{"name":"(anonymous_6)","decl":{"start":{"line":167,"column":23},"end":{"line":167,"column":29}},"loc":{"start":{"line":167,"column":29},"end":{"line":167,"column":null}},"line":167}},"branchMap":{"0":{"loc":{"start":{"line":22,"column":4},"end":{"line":22,"column":null}},"type":"if","locations":[{"start":{"line":22,"column":4},"end":{"line":22,"column":null}},{"start":{},"end":{}}],"line":22},"1":{"loc":{"start":{"line":29,"column":4},"end":{"line":29,"column":null}},"type":"if","locations":[{"start":{"line":29,"column":4},"end":{"line":29,"column":null}},{"start":{},"end":{}}],"line":29},"2":{"loc":{"start":{"line":29,"column":8},"end":{"line":29,"column":41}},"type":"binary-expr","locations":[{"start":{"line":29,"column":8},"end":{"line":29,"column":22}},{"start":{"line":29,"column":22},"end":{"line":29,"column":41}}],"line":29},"3":{"loc":{"start":{"line":70,"column":11},"end":{"line":81,"column":null}},"type":"binary-expr","locations":[{"start":{"line":70,"column":11},"end":{"line":70,"column":null}},{"start":{"line":71,"column":12},"end":{"line":81,"column":null}}],"line":70},"4":{"loc":{"start":{"line":72,"column":14},"end":{"line":74,"column":null}},"type":"cond-expr","locations":[{"start":{"line":73,"column":18},"end":{"line":73,"column":null}},{"start":{"line":74,"column":18},"end":{"line":74,"column":null}}],"line":72},"5":{"loc":{"start":{"line":76,"column":15},"end":{"line":79,"column":null}},"type":"cond-expr","locations":[{"start":{"line":77,"column":16},"end":{"line":77,"column":null}},{"start":{"line":79,"column":16},"end":{"line":79,"column":null}}],"line":76},"6":{"loc":{"start":{"line":91,"column":9},"end":{"line":160,"column":null}},"type":"cond-expr","locations":[{"start":{"line":92,"column":10},"end":{"line":123,"column":null}},{"start":{"line":125,"column":10},"end":{"line":160,"column":null}}],"line":91},"7":{"loc":{"start":{"line":96,"column":14},"end":{"line":107,"column":null}},"type":"if","locations":[{"start":{"line":96,"column":14},"end":{"line":107,"column":null}},{"start":{"line":104,"column":21},"end":{"line":107,"column":null}}],"line":96},"8":{"loc":{"start":{"line":97,"column":16},"end":{"line":103,"column":null}},"type":"if","locations":[{"start":{"line":97,"column":16},"end":{"line":103,"column":null}},{"start":{"line":99,"column":16},"end":{"line":103,"column":null}}],"line":97},"9":{"loc":{"start":{"line":99,"column":16},"end":{"line":103,"column":null}},"type":"if","locations":[{"start":{"line":99,"column":16},"end":{"line":103,"column":null}},{"start":{"line":101,"column":23},"end":{"line":103,"column":null}}],"line":99},"10":{"loc":{"start":{"line":99,"column":27},"end":{"line":99,"column":84}},"type":"binary-expr","locations":[{"start":{"line":99,"column":27},"end":{"line":99,"column":60}},{"start":{"line":99,"column":60},"end":{"line":99,"column":84}}],"line":99},"11":{"loc":{"start":{"line":116,"column":87},"end":{"line":116,"column":153}},"type":"cond-expr","locations":[{"start":{"line":116,"column":100},"end":{"line":116,"column":117}},{"start":{"line":116,"column":117},"end":{"line":116,"column":153}}],"line":116},"12":{"loc":{"start":{"line":131,"column":25},"end":{"line":131,"column":null}},"type":"cond-expr","locations":[{"start":{"line":131,"column":38},"end":{"line":131,"column":59}},{"start":{"line":131,"column":59},"end":{"line":131,"column":null}}],"line":131},"13":{"loc":{"start":{"line":140,"column":22},"end":{"line":142,"column":305}},"type":"cond-expr","locations":[{"start":{"line":141,"column":25},"end":{"line":141,"column":null}},{"start":{"line":142,"column":24},"end":{"line":142,"column":305}}],"line":140},"14":{"loc":{"start":{"line":141,"column":25},"end":{"line":141,"column":null}},"type":"cond-expr","locations":[{"start":{"line":141,"column":49},"end":{"line":141,"column":125}},{"start":{"line":141,"column":125},"end":{"line":141,"column":null}}],"line":141},"15":{"loc":{"start":{"line":145,"column":15},"end":{"line":152,"column":null}},"type":"binary-expr","locations":[{"start":{"line":145,"column":15},"end":{"line":145,"column":null}},{"start":{"line":146,"column":16},"end":{"line":152,"column":null}}],"line":145},"16":{"loc":{"start":{"line":155,"column":13},"end":{"line":158,"column":null}},"type":"binary-expr","locations":[{"start":{"line":155,"column":13},"end":{"line":155,"column":27}},{"start":{"line":155,"column":27},"end":{"line":155,"column":null}},{"start":{"line":156,"column":14},"end":{"line":158,"column":null}}],"line":155},"17":{"loc":{"start":{"line":164,"column":9},"end":{"line":183,"column":null}},"type":"binary-expr","locations":[{"start":{"line":164,"column":9},"end":{"line":164,"column":null}},{"start":{"line":165,"column":10},"end":{"line":183,"column":null}}],"line":164},"18":{"loc":{"start":{"line":171,"column":15},"end":{"line":171,"column":null}},"type":"cond-expr","locations":[{"start":{"line":171,"column":33},"end":{"line":171,"column":54}},{"start":{"line":171,"column":54},"end":{"line":171,"column":null}}],"line":171},"19":{"loc":{"start":{"line":174,"column":13},"end":{"line":181,"column":null}},"type":"binary-expr","locations":[{"start":{"line":174,"column":13},"end":{"line":174,"column":null}},{"start":{"line":175,"column":14},"end":{"line":181,"column":null}}],"line":174}},"s":{"0":1,"1":17,"2":17,"3":17,"4":17,"5":2,"6":0,"7":2,"8":2,"9":17,"10":3,"11":3,"12":0,"13":3,"14":3,"15":17,"16":36,"17":36,"18":16,"19":4,"20":12,"21":1,"22":11,"23":20,"24":36,"25":2,"26":3,"27":0},"f":{"0":17,"1":2,"2":3,"3":36,"4":2,"5":3,"6":0},"b":{"0":[0,2],"1":[0,3],"2":[3,3],"3":[17,4],"4":[3,1],"5":[3,1],"6":[9,8],"7":[16,20],"8":[4,12],"9":[1,11],"10":[12,1],"11":[16,20],"12":[0,8],"13":[0,8],"14":[0,0],"15":[8,8],"16":[8,0,0],"17":[17,4],"18":[0,4],"19":[4,0]},"meta":{"lastBranch":20,"lastFunction":7,"lastStatement":28,"seen":{"s:11:57:188:Infinity":0,"f:11:57:11:58":0,"s:16:32:16:Infinity":1,"s:17:44:17:Infinity":2,"s:19:21:19:Infinity":3,"s:21:28:25:Infinity":4,"f:21:28:21:29":1,"b:22:4:22:Infinity:undefined:undefined:undefined:undefined":0,"s:22:4:22:Infinity":5,"s:22:20:22:Infinity":6,"s:23:22:23:Infinity":7,"s:24:4:24:Infinity":8,"s:27:27:33:Infinity":9,"f:27:27:27:28":2,"s:28:4:28:Infinity":10,"b:29:4:29:Infinity:undefined:undefined:undefined:undefined":1,"s:29:4:29:Infinity":11,"b:29:8:29:22:29:22:29:41":2,"s:29:41:29:Infinity":12,"s:31:22:31:Infinity":13,"s:32:4:32:Infinity":14,"s:35:2:186:Infinity":15,"b:70:11:70:Infinity:71:12:81:Infinity":3,"b:73:18:73:Infinity:74:18:74:Infinity":4,"b:77:16:77:Infinity:79:16:79:Infinity":5,"b:92:10:123:Infinity:125:10:160:Infinity":6,"f:93:35:93:36":3,"s:94:29:94:Infinity":16,"b:96:14:107:Infinity:104:21:107:Infinity":7,"s:96:14:107:Infinity":17,"b:97:16:103:Infinity:99:16:103:Infinity":8,"s:97:16:103:Infinity":18,"s:98:18:98:Infinity":19,"b:99:16:103:Infinity:101:23:103:Infinity":9,"s:99:16:103:Infinity":20,"b:99:27:99:60:99:60:99:84":10,"s:100:18:100:Infinity":21,"s:102:18:102:Infinity":22,"s:106:16:106:Infinity":23,"s:109:14:120:Infinity":24,"f:112:27:112:33":4,"s:112:33:112:Infinity":25,"b:116:100:116:117:116:117:116:153":11,"b:131:38:131:59:131:59:131:Infinity":12,"f:132:28:132:29":5,"s:132:35:132:Infinity":26,"b:141:25:141:Infinity:142:24:142:305":13,"b:141:49:141:125:141:125:141:Infinity":14,"b:145:15:145:Infinity:146:16:152:Infinity":15,"b:155:13:155:27:155:27:155:Infinity:156:14:158:Infinity":16,"b:164:9:164:Infinity:165:10:183:Infinity":17,"f:167:23:167:29":6,"s:167:29:167:Infinity":27,"b:171:33:171:54:171:54:171:Infinity":18,"b:174:13:174:Infinity:175:14:181:Infinity":19}}}
,"G:\\Mr.R\\Work\\Software\\maktab-al-kalam\\services\\geminiService.ts": {"path":"G:\\Mr.R\\Work\\Software\\maktab-al-kalam\\services\\geminiService.ts","statementMap":{"0":{"start":{"line":5,"column":17},"end":{"line":5,"column":null}},"1":{"start":{"line":7,"column":11},"end":{"line":7,"column":null}},"2":{"start":{"line":10,"column":4},"end":{"line":13,"column":null}},"3":{"start":{"line":12,"column":8},"end":{"line":12,"column":null}},"4":{"start":{"line":15,"column":4},"end":{"line":80,"column":null}},"5":{"start":{"line":16,"column":23},"end":{"line":26,"column":null}},"6":{"start":{"line":46,"column":25},"end":{"line":49,"column":null}},"7":{"start":{"line":51,"column":21},"end":{"line":51,"column":null}},"8":{"start":{"line":54,"column":26},"end":{"line":54,"column":null}},"9":{"start":{"line":55,"column":8},"end":{"line":57,"column":null}},"10":{"start":{"line":56,"column":12},"end":{"line":56,"column":null}},"11":{"start":{"line":59,"column":21},"end":{"line":59,"column":null}},"12":{"start":{"line":62,"column":38},"end":{"line":69,"column":null}},"13":{"start":{"line":62,"column":85},"end":{"line":69,"column":10}},"14":{"start":{"line":71,"column":8},"end":{"line":75,"column":null}},"15":{"start":{"line":77,"column":8},"end":{"line":77,"column":null}},"16":{"start":{"line":79,"column":8},"end":{"line":79,"column":null}},"17":{"start":{"line":84,"column":26},"end":{"line":133,"column":null}},"18":{"start":{"line":136,"column":25},"end":{"line":136,"column":null}},"19":{"start":{"line":136,"column":55},"end":{"line":136,"column":74}},"20":{"start":{"line":139,"column":34},"end":{"line":139,"column":null}},"21":{"start":{"line":140,"column":4},"end":{"line":150,"column":null}},"22":{"start":{"line":140,"column":17},"end":{"line":140,"column":20}},"23":{"start":{"line":141,"column":22},"end":{"line":141,"column":null}},"24":{"start":{"line":142,"column":8},"end":{"line":149,"column":null}},"25":{"start":{"line":152,"column":4},"end":{"line":156,"column":null}},"26":{"start":{"line":173,"column":4},"end":{"line":175,"column":null}},"27":{"start":{"line":174,"column":8},"end":{"line":174,"column":null}},"28":{"start":{"line":177,"column":4},"end":{"line":217,"column":null}},"29":{"start":{"line":178,"column":23},"end":{"line":182,"column":null}},"30":{"start":{"line":201,"column":25},"end":{"line":204,"column":null}},"31":{"start":{"line":206,"column":21},"end":{"line":206,"column":null}},"32":{"start":{"line":207,"column":26},"end":{"line":207,"column":null}},"33":{"start":{"line":209,"column":8},"end":{"line":211,"column":null}},"34":{"start":{"line":210,"column":12},"end":{"line":210,"column":null}},"35":{"start":{"line":213,"column":8},"end":{"line":213,"column":null}},"36":{"start":{"line":215,"column":8},"end":{"line":215,"column":null}},"37":{"start":{"line":216,"column":8},"end":{"line":216,"column":null}},"38":{"start":{"line":221,"column":22},"end":{"line":221,"column":null}},"39":{"start":{"line":221,"column":62},"end":{"line":221,"column":63}},"40":{"start":{"line":222,"column":22},"end":{"line":222,"column":null}},"41":{"start":{"line":224,"column":21},"end":{"line":230,"column":null}},"42":{"start":{"line":225,"column":8},"end":{"line":225,"column":null}},"43":{"start":{"line":225,"column":25},"end":{"line":225,"column":null}},"44":{"start":{"line":226,"column":8},"end":{"line":226,"column":null}},"45":{"start":{"line":226,"column":25},"end":{"line":226,"column":null}},"46":{"start":{"line":227,"column":8},"end":{"line":227,"column":null}},"47":{"start":{"line":227,"column":25},"end":{"line":227,"column":null}},"48":{"start":{"line":228,"column":8},"end":{"line":228,"column":null}},"49":{"start":{"line":228,"column":25},"end":{"line":228,"column":null}},"50":{"start":{"line":229,"column":8},"end":{"line":229,"column":null}},"51":{"start":{"line":232,"column":4},"end":{"line":247,"column":null}}},"fnMap":{"0":{"name":"generateGrammarPractice","decl":{"start":{"line":9,"column":22},"end":{"line":9,"column":46}},"loc":{"start":{"line":9,"column":134},"end":{"line":81,"column":null}},"line":9},"1":{"name":"(anonymous_1)","decl":{"start":{"line":62,"column":57},"end":{"line":62,"column":58}},"loc":{"start":{"line":62,"column":85},"end":{"line":69,"column":10}},"line":62},"2":{"name":"generateMockQuiz","decl":{"start":{"line":83,"column":9},"end":{"line":83,"column":26}},"loc":{"start":{"line":83,"column":105},"end":{"line":157,"column":null}},"line":83},"3":{"name":"(anonymous_3)","decl":{"start":{"line":136,"column":49},"end":{"line":136,"column":55}},"loc":{"start":{"line":136,"column":55},"end":{"line":136,"column":74}},"line":136},"4":{"name":"scoreWriting","decl":{"start":{"line":172,"column":22},"end":{"line":172,"column":35}},"loc":{"start":{"line":172,"column":94},"end":{"line":218,"column":null}},"line":172},"5":{"name":"generateMockScore","decl":{"start":{"line":220,"column":9},"end":{"line":220,"column":27}},"loc":{"start":{"line":220,"column":77},"end":{"line":248,"column":null}},"line":220},"6":{"name":"(anonymous_6)","decl":{"start":{"line":221,"column":57},"end":{"line":221,"column":62}},"loc":{"start":{"line":221,"column":62},"end":{"line":221,"column":63}},"line":221},"7":{"name":"(anonymous_7)","decl":{"start":{"line":224,"column":21},"end":{"line":224,"column":22}},"loc":{"start":{"line":224,"column":40},"end":{"line":230,"column":null}},"line":224}},"branchMap":{"0":{"loc":{"start":{"line":5,"column":17},"end":{"line":5,"column":null}},"type":"binary-expr","locations":[{"start":{"line":5,"column":17},"end":{"line":5,"column":65}},{"start":{"line":5,"column":65},"end":{"line":5,"column":null}}],"line":5},"1":{"loc":{"start":{"line":9,"column":81},"end":{"line":9,"column":134}},"type":"default-arg","locations":[{"start":{"line":9,"column":109},"end":{"line":9,"column":134}}],"line":9},"2":{"loc":{"start":{"line":10,"column":4},"end":{"line":13,"column":null}},"type":"if","locations":[{"start":{"line":10,"column":4},"end":{"line":13,"column":null}},{"start":{},"end":{}}],"line":10},"3":{"loc":{"start":{"line":51,"column":21},"end":{"line":51,"column":null}},"type":"binary-expr","locations":[{"start":{"line":51,"column":21},"end":{"line":51,"column":38}},{"start":{"line":51,"column":38},"end":{"line":51,"column":null}}],"line":51},"4":{"loc":{"start":{"line":55,"column":8},"end":{"line":57,"column":null}},"type":"if","locations":[{"start":{"line":55,"column":8},"end":{"line":57,"column":null}},{"start":{},"end":{}}],"line":55},"5":{"loc":{"start":{"line":63,"column":16},"end":{"line":63,"column":null}},"type":"binary-expr","locations":[{"start":{"line":63,"column":16},"end":{"line":63,"column":24}},{"start":{"line":63,"column":24},"end":{"line":63,"column":null}}],"line":63},"6":{"loc":{"start":{"line":64,"column":18},"end":{"line":64,"column":null}},"type":"cond-expr","locations":[{"start":{"line":64,"column":47},"end":{"line":64,"column":76}},{"start":{"line":64,"column":76},"end":{"line":64,"column":null}}],"line":64},"7":{"loc":{"start":{"line":68,"column":25},"end":{"line":68,"column":null}},"type":"binary-expr","locations":[{"start":{"line":68,"column":25},"end":{"line":68,"column":42}},{"start":{"line":68,"column":42},"end":{"line":68,"column":null}}],"line":68},"8":{"loc":{"start":{"line":72,"column":19},"end":{"line":72,"column":null}},"type":"binary-expr","locations":[{"start":{"line":72,"column":19},"end":{"line":72,"column":33}},{"start":{"line":72,"column":33},"end":{"line":72,"column":null}}],"line":72},"9":{"loc":{"start":{"line":73,"column":24},"end":{"line":73,"column":null}},"type":"binary-expr","locations":[{"start":{"line":73,"column":24},"end":{"line":73,"column":43}},{"start":{"line":73,"column":43},"end":{"line":73,"column":null}}],"line":73},"10":{"loc":{"start":{"line":83,"column":61},"end":{"line":83,"column":105}},"type":"default-arg","locations":[{"start":{"line":83,"column":89},"end":{"line":83,"column":105}}],"line":83},"11":{"loc":{"start":{"line":145,"column":48},"end":{"line":145,"column":null}},"type":"cond-expr","locations":[{"start":{"line":145,"column":57},"end":{"line":145,"column":99}},{"start":{"line":145,"column":99},"end":{"line":145,"column":null}}],"line":145},"12":{"loc":{"start":{"line":173,"column":4},"end":{"line":175,"column":null}},"type":"if","locations":[{"start":{"line":173,"column":4},"end":{"line":175,"column":null}},{"start":{},"end":{}}],"line":173},"13":{"loc":{"start":{"line":173,"column":8},"end":{"line":173,"column":61}},"type":"binary-expr","locations":[{"start":{"line":173,"column":8},"end":{"line":173,"column":20}},{"start":{"line":173,"column":20},"end":{"line":173,"column":61}}],"line":173},"14":{"loc":{"start":{"line":206,"column":21},"end":{"line":206,"column":null}},"type":"binary-expr","locations":[{"start":{"line":206,"column":21},"end":{"line":206,"column":38}},{"start":{"line":206,"column":38},"end":{"line":206,"column":null}}],"line":206},"15":{"loc":{"start":{"line":209,"column":8},"end":{"line":211,"column":null}},"type":"if","locations":[{"start":{"line":209,"column":8},"end":{"line":211,"column":null}},{"start":{},"end":{}}],"line":209},"16":{"loc":{"start":{"line":225,"column":8},"end":{"line":225,"column":null}},"type":"if","locations":[{"start":{"line":225,"column":8},"end":{"line":225,"column":null}},{"start":{},"end":{}}],"line":225},"17":{"loc":{"start":{"line":226,"column":8},"end":{"line":226,"column":null}},"type":"if","locations":[{"start":{"line":226,"column":8},"end":{"line":226,"column":null}},{"start":{},"end":{}}],"line":226},"18":{"loc":{"start":{"line":227,"column":8},"end":{"line":227,"column":null}},"type":"if","locations":[{"start":{"line":227,"column":8},"end":{"line":227,"column":null}},{"start":{},"end":{}}],"line":227},"19":{"loc":{"start":{"line":228,"column":8},"end":{"line":228,"column":null}},"type":"if","locations":[{"start":{"line":228,"column":8},"end":{"line":228,"column":null}},{"start":{},"end":{}}],"line":228}},"s":{"0":0,"1":0,"2":0,"3":0,"4":0,"5":0,"6":0,"7":0,"8":0,"9":0,"10":0,"11":0,"12":0,"13":0,"14":0,"15":0,"16":0,"17":0,"18":0,"19":0,"20":0,"21":0,"22":0,"23":0,"24":0,"25":0,"26":0,"27":0,"28":0,"29":0,"30":0,"31":0,"32":0,"33":0,"34":0,"35":0,"36":0,"37":0,"38":0,"39":0,"40":0,"41":0,"42":0,"43":0,"44":0,"45":0,"46":0,"47":0,"48":0,"49":0,"50":0,"51":0},"f":{"0":0,"1":0,"2":0,"3":0,"4":0,"5":0,"6":0,"7":0},"b":{"0":[0,0],"1":[0],"2":[0,0],"3":[0,0],"4":[0,0],"5":[0,0],"6":[0,0],"7":[0,0],"8":[0,0],"9":[0,0],"10":[0],"11":[0,0],"12":[0,0],"13":[0,0],"14":[0,0],"15":[0,0],"16":[0,0],"17":[0,0],"18":[0,0],"19":[0,0]},"meta":{"lastBranch":20,"lastFunction":8,"lastStatement":52,"seen":{"s:5:17:5:Infinity":0,"b:5:17:5:65:5:65:5:Infinity":0,"s:7:11:7:Infinity":1,"f:9:22:9:46":0,"b:9:109:9:134":1,"b:10:4:13:Infinity:undefined:undefined:undefined:undefined":2,"s:10:4:13:Infinity":2,"s:12:8:12:Infinity":3,"s:15:4:80:Infinity":4,"s:16:23:26:Infinity":5,"s:46:25:49:Infinity":6,"s:51:21:51:Infinity":7,"b:51:21:51:38:51:38:51:Infinity":3,"s:54:26:54:Infinity":8,"b:55:8:57:Infinity:undefined:undefined:undefined:undefined":4,"s:55:8:57:Infinity":9,"s:56:12:56:Infinity":10,"s:59:21:59:Infinity":11,"s:62:38:69:Infinity":12,"f:62:57:62:58":1,"s:62:85:69:10":13,"b:63:16:63:24:63:24:63:Infinity":5,"b:64:47:64:76:64:76:64:Infinity":6,"b:68:25:68:42:68:42:68:Infinity":7,"s:71:8:75:Infinity":14,"b:72:19:72:33:72:33:72:Infinity":8,"b:73:24:73:43:73:43:73:Infinity":9,"s:77:8:77:Infinity":15,"s:79:8:79:Infinity":16,"f:83:9:83:26":2,"b:83:89:83:105":10,"s:84:26:133:Infinity":17,"s:136:25:136:Infinity":18,"f:136:49:136:55":3,"s:136:55:136:74":19,"s:139:34:139:Infinity":20,"s:140:4:150:Infinity":21,"s:140:17:140:20":22,"s:141:22:141:Infinity":23,"s:142:8:149:Infinity":24,"b:145:57:145:99:145:99:145:Infinity":11,"s:152:4:156:Infinity":25,"f:172:22:172:35":4,"b:173:4:175:Infinity:undefined:undefined:undefined:undefined":12,"s:173:4:175:Infinity":26,"b:173:8:173:20:173:20:173:61":13,"s:174:8:174:Infinity":27,"s:177:4:217:Infinity":28,"s:178:23:182:Infinity":29,"s:201:25:204:Infinity":30,"s:206:21:206:Infinity":31,"b:206:21:206:38:206:38:206:Infinity":14,"s:207:26:207:Infinity":32,"b:209:8:211:Infinity:undefined:undefined:undefined:undefined":15,"s:209:8:211:Infinity":33,"s:210:12:210:Infinity":34,"s:213:8:213:Infinity":35,"s:215:8:215:Infinity":36,"s:216:8:216:Infinity":37,"f:220:9:220:27":5,"s:221:22:221:Infinity":38,"f:221:57:221:62":6,"s:221:62:221:63":39,"s:222:22:222:Infinity":40,"s:224:21:230:Infinity":41,"f:224:21:224:22":7,"b:225:8:225:Infinity:undefined:undefined:undefined:undefined":16,"s:225:8:225:Infinity":42,"s:225:25:225:Infinity":43,"b:226:8:226:Infinity:undefined:undefined:undefined:undefined":17,"s:226:8:226:Infinity":44,"s:226:25:226:Infinity":45,"b:227:8:227:Infinity:undefined:undefined:undefined:undefined":18,"s:227:8:227:Infinity":46,"s:227:25:227:Infinity":47,"b:228:8:228:Infinity:undefined:undefined:undefined:undefined":19,"s:228:8:228:Infinity":48,"s:228:25:228:Infinity":49,"s:229:8:229:Infinity":50,"s:232:4:247:Infinity":51}}}
}
